<?xml version="1.0" encoding="UTF-8"?>
<testng-results ignored="0" total="6" passed="6" failed="0" skipped="0">
  <reporter-output>
  </reporter-output>
  <suite started-at="2023-05-30T22:43:55 BDT" name="Suite" finished-at="2023-05-30T22:45:54 BDT" duration-ms="119021">
    <groups>
    </groups>
    <test started-at="2023-05-30T22:43:55 BDT" name="Test-2" finished-at="2023-05-30T22:44:09 BDT" duration-ms="14052">
      <class name="kacademy.multiBrowserTest">
        <test-method signature="titleCheck()[pri:0, instance:kacademy.multiBrowserTest@49aa766b]" started-at="2023-05-30T22:43:55 BDT" name="titleCheck" finished-at="2023-05-30T22:44:07 BDT" duration-ms="11828" status="PASS">
          <reporter-output>
          </reporter-output>
        </test-method> <!-- titleCheck -->
      </class> <!-- kacademy.multiBrowserTest -->
    </test> <!-- Test-2 -->
    <test started-at="2023-05-30T22:43:55 BDT" name="Test-0" finished-at="2023-05-30T22:44:14 BDT" duration-ms="18694">
      <class name="kacademy.multiBrowserTest">
        <test-method signature="titleCheck()[pri:0, instance:kacademy.multiBrowserTest@982bb90]" started-at="2023-05-30T22:43:55 BDT" name="titleCheck" finished-at="2023-05-30T22:44:12 BDT" duration-ms="16702" status="PASS">
          <reporter-output>
          </reporter-output>
        </test-method> <!-- titleCheck -->
      </class> <!-- kacademy.multiBrowserTest -->
    </test> <!-- Test-0 -->
    <test started-at="2023-05-30T22:44:09 BDT" name="TestBCI-0" finished-at="2023-05-30T22:44:23 BDT" duration-ms="13609">
      <class name="kacademy.multiBrowserTest2">
        <test-method signature="titleCheckBci()[pri:0, instance:kacademy.multiBrowserTest2@67001148]" started-at="2023-05-30T22:44:09 BDT" name="titleCheckBci" finished-at="2023-05-30T22:44:21 BDT" duration-ms="11803" status="PASS">
          <reporter-output>
          </reporter-output>
        </test-method> <!-- titleCheckBci -->
      </class> <!-- kacademy.multiBrowserTest2 -->
    </test> <!-- TestBCI-0 -->
    <test started-at="2023-05-30T22:43:55 BDT" name="Test-1" finished-at="2023-05-30T22:44:30 BDT" duration-ms="34718">
      <class name="kacademy.multiBrowserTest">
        <test-method signature="titleCheck()[pri:0, instance:kacademy.multiBrowserTest@3adbe50f]" started-at="2023-05-30T22:43:55 BDT" name="titleCheck" finished-at="2023-05-30T22:44:28 BDT" duration-ms="32747" status="PASS">
          <reporter-output>
          </reporter-output>
        </test-method> <!-- titleCheck -->
      </class> <!-- kacademy.multiBrowserTest -->
    </test> <!-- Test-1 -->
    <test started-at="2023-05-30T22:44:14 BDT" name="TestBCI-1" finished-at="2023-05-30T22:44:45 BDT" duration-ms="31047">
      <class name="kacademy.multiBrowserTest2">
        <test-method signature="titleCheckBci()[pri:0, instance:kacademy.multiBrowserTest2@3eed0f5]" started-at="2023-05-30T22:44:14 BDT" name="titleCheckBci" finished-at="2023-05-30T22:44:43 BDT" duration-ms="29278" status="PASS">
          <reporter-output>
          </reporter-output>
        </test-method> <!-- titleCheckBci -->
      </class> <!-- kacademy.multiBrowserTest2 -->
    </test> <!-- TestBCI-1 -->
    <test started-at="2023-05-30T22:44:23 BDT" name="TestBCI-2" finished-at="2023-05-30T22:45:54 BDT" duration-ms="91140">
      <class name="kacademy.multiBrowserTest2">
        <test-method signature="titleCheckBci()[pri:0, instance:kacademy.multiBrowserTest2@4d23015c]" started-at="2023-05-30T22:44:23 BDT" name="titleCheckBci" finished-at="2023-05-30T22:45:52 BDT" duration-ms="88997" status="PASS">
          <reporter-output>
          </reporter-output>
        </test-method> <!-- titleCheckBci -->
      </class> <!-- kacademy.multiBrowserTest2 -->
    </test> <!-- TestBCI-2 -->
  </suite> <!-- Suite -->
</testng-results>
